# JRE version: OpenJDK Runtime Environment (8.0_242-b01) (build 1.8.0_242-release-1644-b01)
# Java VM: OpenJDK 64-Bit Server VM (25.242-b01 mixed mode windows-amd64 compressed oops)
Heap:
 PSYoungGen      total 224768K, used 109302K [0x00000000e0000000, 0x00000000f1880000, 0x0000000100000000)
  eden space 190464K, 57% used [0x00000000e0000000,0x00000000e6abdb78,0x00000000eba00000)
  from space 34304K, 0% used [0x00000000eba00000,0x00000000eba00000,0x00000000edb80000)
  to   space 37376K, 0% used [0x00000000ef400000,0x00000000ef400000,0x00000000f1880000)
 ParOldGen       total 194560K, used 83791K [0x00000000a0000000, 0x00000000abe00000, 0x00000000e0000000)
  object space 194560K, 43% used [0x00000000a0000000,0x00000000a51d3d20,0x00000000abe00000)
 Metaspace       used 97895K, capacity 101928K, committed 102232K, reserved 1138688K
  class space    used 13010K, capacity 13876K, committed 13952K, reserved 1048576K
GC Heap History (10 events):
Event: 150.889 GC heap before
{Heap before GC invocations=27 (full 3):
 PSYoungGen      total 194048K, used 190901K [0x00000000e0000000, 0x00000000ee600000, 0x0000000100000000)
  eden space 172032K, 100% used [0x00000000e0000000,0x00000000ea800000,0x00000000ea800000)
  from space 22016K, 85% used [0x00000000ea800000,0x00000000eba6d7f0,0x00000000ebd80000)
  to   space 24064K, 0% used [0x00000000ece80000,0x00000000ece80000,0x00000000ee600000)
 ParOldGen       total 123392K, used 54033K [0x00000000a0000000, 0x00000000a7880000, 0x00000000e0000000)
  object space 123392K, 43% used [0x00000000a0000000,0x00000000a34c44c0,0x00000000a7880000)
 Metaspace       used 83981K, capacity 87718K, committed 88024K, reserved 1126400K
  class space    used 11059K, capacity 11923K, committed 12032K, reserved 1048576K
Event: 151.175 GC heap after
Heap after GC invocations=27 (full 3):
 PSYoungGen      total 207360K, used 24049K [0x00000000e0000000, 0x00000000ef200000, 0x0000000100000000)
  eden space 183296K, 0% used [0x00000000e0000000,0x00000000e0000000,0x00000000eb300000)
  from space 24064K, 99% used [0x00000000ece80000,0x00000000ee5fc620,0x00000000ee600000)
  to   space 28160K, 0% used [0x00000000eb300000,0x00000000eb300000,0x00000000ece80000)
 ParOldGen       total 123392K, used 54719K [0x00000000a0000000, 0x00000000a7880000, 0x00000000e0000000)
  object space 123392K, 44% used [0x00000000a0000000,0x00000000a356fc50,0x00000000a7880000)
 Metaspace       used 83981K, capacity 87718K, committed 88024K, reserved 1126400K
  class space    used 11059K, capacity 11923K, committed 12032K, reserved 1048576K
}
Event: 158.698 GC heap before
{Heap before GC invocations=28 (full 3):
 PSYoungGen      total 207360K, used 207345K [0x00000000e0000000, 0x00000000ef200000, 0x0000000100000000)
  eden space 183296K, 100% used [0x00000000e0000000,0x00000000eb300000,0x00000000eb300000)
  from space 24064K, 99% used [0x00000000ece80000,0x00000000ee5fc620,0x00000000ee600000)
  to   space 28160K, 0% used [0x00000000eb300000,0x00000000eb300000,0x00000000ece80000)
 ParOldGen       total 123392K, used 54719K [0x00000000a0000000, 0x00000000a7880000, 0x00000000e0000000)
  object space 123392K, 44% used [0x00000000a0000000,0x00000000a356fc50,0x00000000a7880000)
 Metaspace       used 84575K, capacity 88362K, committed 88536K, reserved 1126400K
  class space    used 11158K, capacity 12007K, committed 12032K, reserved 1048576K
Event: 158.733 GC heap after
Heap after GC invocations=28 (full 3):
 PSYoungGen      total 211456K, used 15078K [0x00000000e0000000, 0x00000000ef680000, 0x0000000100000000)
  eden space 183296K, 0% used [0x00000000e0000000,0x00000000e0000000,0x00000000eb300000)
  from space 28160K, 53% used [0x00000000eb300000,0x00000000ec1b9b98,0x00000000ece80000)
  to   space 27648K, 0% used [0x00000000edb80000,0x00000000edb80000,0x00000000ef680000)
 ParOldGen       total 123392K, used 60411K [0x00000000a0000000, 0x00000000a7880000, 0x00000000e0000000)
  object space 123392K, 48% used [0x00000000a0000000,0x00000000a3afeea0,0x00000000a7880000)
 Metaspace       used 84575K, capacity 88362K, committed 88536K, reserved 1126400K
  class space    used 11158K, capacity 12007K, committed 12032K, reserved 1048576K
}
Event: 183.281 GC heap before
{Heap before GC invocations=29 (full 3):
 PSYoungGen      total 211456K, used 198372K [0x00000000e0000000, 0x00000000ef680000, 0x0000000100000000)
  eden space 183296K, 99% used [0x00000000e0000000,0x00000000eb2ff648,0x00000000eb300000)
  from space 28160K, 53% used [0x00000000eb300000,0x00000000ec1b9b98,0x00000000ece80000)
  to   space 27648K, 0% used [0x00000000edb80000,0x00000000edb80000,0x00000000ef680000)
 ParOldGen       total 123392K, used 60411K [0x00000000a0000000, 0x00000000a7880000, 0x00000000e0000000)
  object space 123392K, 48% used [0x00000000a0000000,0x00000000a3afeea0,0x00000000a7880000)
 Metaspace       used 91282K, capacity 95378K, committed 95448K, reserved 1132544K
  class space    used 12093K, capacity 12993K, committed 13056K, reserved 1048576K
Event: 183.766 GC heap after
Heap after GC invocations=29 (full 3):
 PSYoungGen      total 218112K, used 27638K [0x00000000e0000000, 0x00000000f0500000, 0x0000000100000000)
  eden space 190464K, 0% used [0x00000000e0000000,0x00000000e0000000,0x00000000eba00000)
  from space 27648K, 99% used [0x00000000edb80000,0x00000000ef67dab0,0x00000000ef680000)
  to   space 34304K, 0% used [0x00000000eba00000,0x00000000eba00000,0x00000000edb80000)
 ParOldGen       total 123392K, used 67790K [0x00000000a0000000, 0x00000000a7880000, 0x00000000e0000000)
  object space 123392K, 54% used [0x00000000a0000000,0x00000000a42338a0,0x00000000a7880000)
 Metaspace       used 91282K, capacity 95378K, committed 95448K, reserved 1132544K
  class space    used 12093K, capacity 12993K, committed 13056K, reserved 1048576K
}
Event: 186.706 GC heap before
{Heap before GC invocations=30 (full 3):
 PSYoungGen      total 218112K, used 121091K [0x00000000e0000000, 0x00000000f0500000, 0x0000000100000000)
  eden space 190464K, 49% used [0x00000000e0000000,0x00000000e5b43270,0x00000000eba00000)
  from space 27648K, 99% used [0x00000000edb80000,0x00000000ef67dab0,0x00000000ef680000)
  to   space 34304K, 0% used [0x00000000eba00000,0x00000000eba00000,0x00000000edb80000)
 ParOldGen       total 123392K, used 67790K [0x00000000a0000000, 0x00000000a7880000, 0x00000000e0000000)
  object space 123392K, 54% used [0x00000000a0000000,0x00000000a42338a0,0x00000000a7880000)
 Metaspace       used 93856K, capacity 98182K, committed 98280K, reserved 1134592K
  class space    used 12489K, capacity 13440K, committed 13440K, reserved 1048576K
Event: 186.860 GC heap after
Heap after GC invocations=30 (full 3):
 PSYoungGen      total 224768K, used 28289K [0x00000000e0000000, 0x00000000f1880000, 0x0000000100000000)
  eden space 190464K, 0% used [0x00000000e0000000,0x00000000e0000000,0x00000000eba00000)
  from space 34304K, 82% used [0x00000000eba00000,0x00000000ed5a0488,0x00000000edb80000)
  to   space 37376K, 0% used [0x00000000ef400000,0x00000000ef400000,0x00000000f1880000)
 ParOldGen       total 123392K, used 77998K [0x00000000a0000000, 0x00000000a7880000, 0x00000000e0000000)
  object space 123392K, 63% used [0x00000000a0000000,0x00000000a4c2b908,0x00000000a7880000)
 Metaspace       used 93856K, capacity 98182K, committed 98280K, reserved 1134592K
  class space    used 12489K, capacity 13440K, committed 13440K, reserved 1048576K
}
Event: 186.860 GC heap before
{Heap before GC invocations=31 (full 4):
 PSYoungGen      total 224768K, used 28289K [0x00000000e0000000, 0x00000000f1880000, 0x0000000100000000)
  eden space 190464K, 0% used [0x00000000e0000000,0x00000000e0000000,0x00000000eba00000)
  from space 34304K, 82% used [0x00000000eba00000,0x00000000ed5a0488,0x00000000edb80000)
  to   space 37376K, 0% used [0x00000000ef400000,0x00000000ef400000,0x00000000f1880000)
 ParOldGen       total 123392K, used 77998K [0x00000000a0000000, 0x00000000a7880000, 0x00000000e0000000)
  object space 123392K, 63% used [0x00000000a0000000,0x00000000a4c2b908,0x00000000a7880000)
 Metaspace       used 93856K, capacity 98182K, committed 98280K, reserved 1134592K
  class space    used 12489K, capacity 13440K, committed 13440K, reserved 1048576K
Event: 189.410 GC heap after
Heap after GC invocations=31 (full 4):
 PSYoungGen      total 224768K, used 0K [0x00000000e0000000, 0x00000000f1880000, 0x0000000100000000)
  eden space 190464K, 0% used [0x00000000e0000000,0x00000000e0000000,0x00000000eba00000)
  from space 34304K, 0% used [0x00000000eba00000,0x00000000eba00000,0x00000000edb80000)
  to   space 37376K, 0% used [0x00000000ef400000,0x00000000ef400000,0x00000000f1880000)
 ParOldGen       total 194560K, used 83791K [0x00000000a0000000, 0x00000000abe00000, 0x00000000e0000000)
  object space 194560K, 43% used [0x00000000a0000000,0x00000000a51d3d20,0x00000000abe00000)
 Metaspace       used 93353K, capacity 96904K, committed 98280K, reserved 1134592K
  class space    used 12332K, capacity 13142K, committed 13440K, reserved 1048576K
}

